#
# There is insufficient memory for the Java Runtime Environment to continue.
# Native memory allocation (malloc) failed to allocate 1436656 bytes for Chunk::new
# Possible reasons:
#   The system is out of physical RAM or swap space
#   The process is running with CompressedOops enabled, and the Java Heap may be blocking the growth of the native heap
# Possible solutions:
#   Reduce memory load on the system
#   Increase physical memory or swap space
#   Check if swap backing store is full
#   Decrease Java heap size (-Xmx/-Xms)
#   Decrease number of Java threads
#   Decrease Java thread stack sizes (-Xss)
#   Set larger code cache with -XX:ReservedCodeCacheSize=
#   JVM is running with Unscaled Compressed Oops mode in which the Java heap is
#     placed in the first 4GB address space. The Java Heap base address is the
#     maximum limit for the native heap growth. Please use -XX:HeapBaseMinAddress
#     to set the Java Heap base and to place the Java Heap above 4GB virtual address.
# This output file may be truncated or incomplete.
#
#  Out of Memory Error (allocation.cpp:389), pid=832, tid=0x0000000000002224
#
# JRE version: OpenJDK Runtime Environment (8.0_242-b01) (build 1.8.0_242-release-1644-b01)
# Java VM: OpenJDK 64-Bit Server VM (25.242-b01 mixed mode windows-amd64 compressed oops)
# Failed to write core dump. Minidumps are not enabled by default on client versions of Windows
#

---------------  T H R E A D  ---------------

Current thread (0x0000000019436000):  JavaThread "C2 CompilerThread0" daemon [_thread_in_native, id=8740, stack(0x0000000019d00000,0x0000000019e00000)]

Stack: [0x0000000019d00000,0x0000000019e00000]
[error occurred during error reporting (printing stack bounds), id 0xc0000005]

Native frames: (J=compiled Java code, j=interpreted, Vv=VM code, C=native code)


Current CompileTask:
C2:  47998 7577       4       com.android.utils.XmlUtils::append (639 bytes)


---------------  P R O C E S S  ---------------

Java Threads: ( => current thread )
  0x000000001c06c000 JavaThread "stdout" [_thread_in_native, id=16856, stack(0x000000002cda0000,0x000000002cea0000)]
  0x000000001c06d000 JavaThread "stderr" [_thread_in_native, id=16512, stack(0x000000002cb70000,0x000000002cc70000)]
  0x000000001c06d800 JavaThread "pool-2-thread-1" [_thread_blocked, id=13128, stack(0x000000002cca0000,0x000000002cda0000)]
  0x000000001c064000 JavaThread "WorkerExecutor Queue" [_thread_blocked, id=9936, stack(0x000000002c7c0000,0x000000002c8c0000)]
  0x000000001c067800 JavaThread "Cache worker for execution history cache (D:\androidStudio\AppBanHangOnline\.gradle\6.5\executionHistory)" [_thread_blocked, id=18536, stack(0x000000002c2c0000,0x000000002c3c0000)]
  0x000000001c060000 JavaThread "Execution worker for ':' Thread 7" [_thread_blocked, id=7336, stack(0x000000002c1c0000,0x000000002c2c0000)]
  0x000000001c063000 JavaThread "Execution worker for ':' Thread 6" [_thread_blocked, id=1292, stack(0x000000002c0c0000,0x000000002c1c0000)]
  0x000000001c067000 JavaThread "Execution worker for ':' Thread 5" [_thread_blocked, id=7456, stack(0x000000002bfc0000,0x000000002c0c0000)]
  0x000000001c066000 JavaThread "Execution worker for ':' Thread 4" [_thread_blocked, id=11624, stack(0x000000002bec0000,0x000000002bfc0000)]
  0x000000001c05e800 JavaThread "Execution worker for ':' Thread 3" [_thread_blocked, id=12304, stack(0x000000002bdc0000,0x000000002bec0000)]
  0x000000001c05f800 JavaThread "Execution worker for ':' Thread 2" [_thread_blocked, id=7776, stack(0x000000002bcc0000,0x000000002bdc0000)]
  0x000000001c061800 JavaThread "Execution worker for ':'" [_thread_blocked, id=3968, stack(0x000000002a5a0000,0x000000002a6a0000)]
  0x000000001c061000 JavaThread "Cache worker for file content cache (D:\androidStudio\AppBanHangOnline\.gradle\6.5\fileContent)" [_thread_blocked, id=14796, stack(0x0000000028a80000,0x0000000028b80000)]
  0x000000001c065800 JavaThread "Memory manager" [_thread_blocked, id=16704, stack(0x000000002a730000,0x000000002a830000)]
  0x000000001b7a8800 JavaThread "Cache worker for Build Output Cleanup Cache (D:\androidStudio\AppBanHangOnline\.gradle\buildOutputCleanup)" [_thread_blocked, id=13452, stack(0x0000000028380000,0x0000000028480000)]
  0x000000001b7a7800 JavaThread "jar transforms Thread 92" [_thread_blocked, id=12880, stack(0x0000000028080000,0x0000000028180000)]
  0x000000001b7ad800 JavaThread "jar transforms Thread 91" [_thread_blocked, id=3096, stack(0x0000000027f80000,0x0000000028080000)]
  0x000000001b7a9000 JavaThread "jar transforms Thread 90" [_thread_blocked, id=776, stack(0x0000000027e80000,0x0000000027f80000)]
  0x000000001b7ae800 JavaThread "jar transforms Thread 89" [_thread_blocked, id=16608, stack(0x0000000027d80000,0x0000000027e80000)]
  0x000000001b7aa800 JavaThread "jar transforms Thread 88" [_thread_blocked, id=4348, stack(0x0000000027c80000,0x0000000027d80000)]
  0x000000001b7aa000 JavaThread "jar transforms Thread 87" [_thread_blocked, id=6704, stack(0x0000000027b80000,0x0000000027c80000)]
  0x000000001b7ac000 JavaThread "jar transforms Thread 86" [_thread_blocked, id=18364, stack(0x0000000027a80000,0x0000000027b80000)]
  0x000000001b7ab800 JavaThread "jar transforms Thread 85" [_thread_blocked, id=944, stack(0x0000000027980000,0x0000000027a80000)]
  0x000000001b7ad000 JavaThread "jar transforms Thread 84" [_thread_blocked, id=15700, stack(0x0000000027880000,0x0000000027980000)]
  0x000000001b7a1000 JavaThread "jar transforms Thread 83" [_thread_blocked, id=4596, stack(0x0000000027780000,0x0000000027880000)]
  0x000000001b7a7000 JavaThread "jar transforms Thread 82" [_thread_blocked, id=13640, stack(0x0000000027680000,0x0000000027780000)]
  0x000000001b7a4000 JavaThread "jar transforms Thread 81" [_thread_blocked, id=15480, stack(0x0000000027580000,0x0000000027680000)]
  0x000000001b7a2800 JavaThread "jar transforms Thread 80" [_thread_blocked, id=19052, stack(0x0000000027480000,0x0000000027580000)]
  0x000000001b7a3000 JavaThread "jar transforms Thread 79" [_thread_blocked, id=12616, stack(0x0000000027380000,0x0000000027480000)]
  0x000000001b79f800 JavaThread "jar transforms Thread 78" [_thread_blocked, id=16428, stack(0x0000000027280000,0x0000000027380000)]
  0x000000001b7a1800 JavaThread "jar transforms Thread 77" [_thread_blocked, id=18544, stack(0x0000000027180000,0x0000000027280000)]
  0x000000001b7a6000 JavaThread "jar transforms Thread 76" [_thread_blocked, id=7032, stack(0x0000000027080000,0x0000000027180000)]
  0x000000001b7a0000 JavaThread "jar transforms Thread 75" [_thread_blocked, id=2856, stack(0x0000000026f80000,0x0000000027080000)]
  0x000000001b7a5800 JavaThread "jar transforms Thread 74" [_thread_blocked, id=9944, stack(0x0000000026e80000,0x0000000026f80000)]
  0x000000001b7a4800 JavaThread "jar transforms Thread 73" [_thread_blocked, id=7360, stack(0x0000000026d80000,0x0000000026e80000)]
  0x000000001c312800 JavaThread "jar transforms Thread 72" [_thread_blocked, id=19352, stack(0x0000000026c80000,0x0000000026d80000)]
  0x000000001c311800 JavaThread "jar transforms Thread 71" [_thread_blocked, id=9224, stack(0x0000000026b80000,0x0000000026c80000)]
  0x000000001c311000 JavaThread "jar transforms Thread 70" [_thread_blocked, id=18548, stack(0x0000000026a80000,0x0000000026b80000)]
  0x000000001c30e800 JavaThread "jar transforms Thread 69" [_thread_blocked, id=13904, stack(0x0000000026980000,0x0000000026a80000)]
  0x000000001c310000 JavaThread "jar transforms Thread 68" [_thread_blocked, id=13836, stack(0x0000000026880000,0x0000000026980000)]
  0x000000001c30f800 JavaThread "jar transforms Thread 67" [_thread_blocked, id=14012, stack(0x0000000026780000,0x0000000026880000)]
  0x000000001c30e000 JavaThread "jar transforms Thread 66" [_thread_blocked, id=11472, stack(0x0000000026680000,0x0000000026780000)]
  0x000000001c306800 JavaThread "jar transforms Thread 65" [_thread_blocked, id=18712, stack(0x0000000026580000,0x0000000026680000)]
  0x000000001c307000 JavaThread "jar transforms Thread 64" [_thread_blocked, id=14616, stack(0x0000000026480000,0x0000000026580000)]
  0x000000001c30d000 JavaThread "jar transforms Thread 63" [_thread_blocked, id=17464, stack(0x0000000026380000,0x0000000026480000)]
  0x000000001c30c800 JavaThread "jar transforms Thread 62" [_thread_blocked, id=7272, stack(0x0000000026280000,0x0000000026380000)]
  0x000000001c305000 JavaThread "jar transforms Thread 61" [_thread_blocked, id=18708, stack(0x0000000026180000,0x0000000026280000)]
  0x000000001c30b800 JavaThread "jar transforms Thread 60" [_thread_blocked, id=13772, stack(0x0000000026080000,0x0000000026180000)]
  0x000000001c305800 JavaThread "jar transforms Thread 59" [_thread_blocked, id=18700, stack(0x0000000025f80000,0x0000000026080000)]
  0x000000001c30b000 JavaThread "jar transforms Thread 58" [_thread_blocked, id=13188, stack(0x0000000025e80000,0x0000000025f80000)]
  0x000000001c308800 JavaThread "jar transforms Thread 57" [_thread_blocked, id=3612, stack(0x0000000025d80000,0x0000000025e80000)]
  0x000000001c30a000 JavaThread "jar transforms Thread 56" [_thread_blocked, id=7900, stack(0x0000000025c80000,0x0000000025d80000)]
  0x000000001c308000 JavaThread "jar transforms Thread 55" [_thread_blocked, id=13428, stack(0x0000000025b80000,0x0000000025c80000)]
  0x000000001c303800 JavaThread "jar transforms Thread 54" [_thread_blocked, id=7376, stack(0x0000000025a80000,0x0000000025b80000)]
  0x000000001c304000 JavaThread "jar transforms Thread 53" [_thread_blocked, id=7264, stack(0x0000000025980000,0x0000000025a80000)]
  0x000000001c309800 JavaThread "jar transforms Thread 52" [_thread_blocked, id=7300, stack(0x0000000025880000,0x0000000025980000)]
  0x000000001b951800 JavaThread "jar transforms Thread 51" [_thread_blocked, id=15036, stack(0x0000000025780000,0x0000000025880000)]
  0x000000001b94f000 JavaThread "jar transforms Thread 50" [_thread_blocked, id=16580, stack(0x0000000025680000,0x0000000025780000)]
  0x000000001b94e800 JavaThread "jar transforms Thread 49" [_thread_blocked, id=17852, stack(0x0000000025580000,0x0000000025680000)]
  0x000000001b94d800 JavaThread "jar transforms Thread 48" [_thread_blocked, id=10388, stack(0x0000000025480000,0x0000000025580000)]
  0x000000001b950800 JavaThread "jar transforms Thread 47" [_thread_blocked, id=13668, stack(0x0000000025380000,0x0000000025480000)]
  0x000000001b950000 JavaThread "jar transforms Thread 46" [_thread_blocked, id=19392, stack(0x0000000025280000,0x0000000025380000)]
  0x000000001b946000 JavaThread "jar transforms Thread 45" [_thread_blocked, id=19156, stack(0x0000000025180000,0x0000000025280000)]
  0x000000001b94b800 JavaThread "jar transforms Thread 44" [_thread_blocked, id=4316, stack(0x0000000025080000,0x0000000025180000)]
  0x000000001b947800 JavaThread "jar transforms Thread 43" [_thread_blocked, id=12320, stack(0x0000000024f80000,0x0000000025080000)]
  0x000000001b94c000 JavaThread "jar transforms Thread 42" [_thread_blocked, id=19188, stack(0x0000000024e80000,0x0000000024f80000)]
  0x000000001b94a000 JavaThread "jar transforms Thread 41" [_thread_blocked, id=8140, stack(0x0000000024d80000,0x0000000024e80000)]
  0x000000001b94a800 JavaThread "jar transforms Thread 40" [_thread_blocked, id=9440, stack(0x0000000024c80000,0x0000000024d80000)]
  0x000000001b94d000 JavaThread "jar transforms Thread 39" [_thread_blocked, id=15484, stack(0x0000000024b80000,0x0000000024c80000)]
  0x000000001b942800 JavaThread "jar transforms Thread 38" [_thread_blocked, id=18476, stack(0x0000000024a80000,0x0000000024b80000)]
  0x000000001b945800 JavaThread "jar transforms Thread 37" [_thread_blocked, id=18284, stack(0x0000000024980000,0x0000000024a80000)]
  0x000000001b943000 JavaThread "jar transforms Thread 36" [_thread_blocked, id=1260, stack(0x0000000024880000,0x0000000024980000)]
  0x000000001b944000 JavaThread "jar transforms Thread 35" [_thread_blocked, id=13164, stack(0x0000000024780000,0x0000000024880000)]
  0x000000001b944800 JavaThread "jar transforms Thread 34" [_thread_blocked, id=17364, stack(0x0000000024680000,0x0000000024780000)]
  0x000000001b947000 JavaThread "jar transforms Thread 33" [_thread_blocked, id=14536, stack(0x0000000024580000,0x0000000024680000)]
  0x000000001b949000 JavaThread "jar transforms Thread 32" [_thread_blocked, id=5348, stack(0x0000000024480000,0x0000000024580000)]
  0x000000001b948800 JavaThread "jar transforms Thread 31" [_thread_blocked, id=10288, stack(0x0000000024380000,0x0000000024480000)]
  0x000000001a919800 JavaThread "jar transforms Thread 30" [_thread_blocked, id=3652, stack(0x0000000024280000,0x0000000024380000)]
  0x000000001a918800 JavaThread "jar transforms Thread 29" [_thread_blocked, id=13352, stack(0x0000000024180000,0x0000000024280000)]
  0x000000001a918000 JavaThread "jar transforms Thread 28" [_thread_blocked, id=9156, stack(0x0000000024080000,0x0000000024180000)]
  0x000000001a917000 JavaThread "jar transforms Thread 27" [_thread_blocked, id=19168, stack(0x0000000023f80000,0x0000000024080000)]
  0x000000001a91b000 JavaThread "jar transforms Thread 26" [_thread_blocked, id=11380, stack(0x0000000023e80000,0x0000000023f80000)]
  0x000000001a916800 JavaThread "jar transforms Thread 25" [_thread_blocked, id=17648, stack(0x0000000023d80000,0x0000000023e80000)]
  0x000000001a91a000 JavaThread "jar transforms Thread 24" [_thread_blocked, id=12480, stack(0x0000000023c80000,0x0000000023d80000)]
  0x000000001a90f000 JavaThread "jar transforms Thread 23" [_thread_blocked, id=19132, stack(0x0000000023b80000,0x0000000023c80000)]
  0x000000001a915800 JavaThread "jar transforms Thread 22" [_thread_blocked, id=10836, stack(0x0000000023a80000,0x0000000023b80000)]
  0x000000001a90e000 JavaThread "jar transforms Thread 21" [_thread_blocked, id=6316, stack(0x0000000023980000,0x0000000023a80000)]
  0x000000001a915000 JavaThread "jar transforms Thread 20" [_thread_blocked, id=11784, stack(0x0000000023880000,0x0000000023980000)]
  0x000000001a910800 JavaThread "jar transforms Thread 19" [_thread_blocked, id=6324, stack(0x0000000023780000,0x0000000023880000)]
  0x000000001a914000 JavaThread "jar transforms Thread 18" [_thread_blocked, id=10724, stack(0x0000000023680000,0x0000000023780000)]
  0x000000001a90c800 JavaThread "jar transforms Thread 17" [_thread_blocked, id=580, stack(0x0000000023580000,0x0000000023680000)]
  0x000000001a911000 JavaThread "jar transforms Thread 16" [_thread_blocked, id=9720, stack(0x0000000023480000,0x0000000023580000)]
  0x000000001a912800 JavaThread "jar transforms Thread 15" [_thread_blocked, id=18952, stack(0x0000000023380000,0x0000000023480000)]
  0x000000001a90d800 JavaThread "jar transforms Thread 14" [_thread_blocked, id=13044, stack(0x0000000023280000,0x0000000023380000)]
  0x000000001a90f800 JavaThread "jar transforms Thread 13" [_thread_blocked, id=5264, stack(0x0000000023180000,0x0000000023280000)]
  0x000000001a913800 JavaThread "jar transforms Thread 12" [_thread_blocked, id=10528, stack(0x0000000023080000,0x0000000023180000)]
  0x000000001a912000 JavaThread "jar transforms Thread 11" [_thread_blocked, id=1632, stack(0x0000000022f80000,0x0000000023080000)]
  0x000000001a90c000 JavaThread "jar transforms Thread 10" [_thread_blocked, id=2616, stack(0x0000000022e80000,0x0000000022f80000)]
  0x000000002043c800 JavaThread "jar transforms Thread 9" [_thread_blocked, id=16060, stack(0x0000000022d80000,0x0000000022e80000)]
  0x000000002043c000 JavaThread "jar transforms Thread 8" [_thread_blocked, id=4760, stack(0x0000000022c80000,0x0000000022d80000)]
  0x000000002043b000 JavaThread "jar transforms Thread 7" [_thread_blocked, id=3804, stack(0x0000000022b80000,0x0000000022c80000)]
  0x0000000020438000 JavaThread "jar transforms Thread 6" [_thread_blocked, id=15244, stack(0x0000000022a80000,0x0000000022b80000)]
  0x0000000020433800 JavaThread "jar transforms Thread 5" [_thread_blocked, id=2400, stack(0x0000000022980000,0x0000000022a80000)]
  0x0000000020435000 JavaThread "jar transforms Thread 4" [_thread_blocked, id=13844, stack(0x0000000022880000,0x0000000022980000)]
  0x000000002043a800 JavaThread "jar transforms Thread 3" [_thread_blocked, id=9880, stack(0x0000000022780000,0x0000000022880000)]
  0x0000000020439800 JavaThread "jar transforms Thread 2" [_thread_blocked, id=12712, stack(0x0000000022680000,0x0000000022780000)]
  0x0000000020437800 JavaThread "Build operations Thread 8" [_thread_in_Java, id=8480, stack(0x0000000022480000,0x0000000022580000)]
  0x0000000020434800 JavaThread "Build operations Thread 7" [_thread_in_native, id=8484, stack(0x0000000022380000,0x0000000022480000)]
  0x0000000020439000 JavaThread "Build operations Thread 6" [_thread_blocked, id=18868, stack(0x0000000022280000,0x0000000022380000)]
  0x0000000020430800 JavaThread "Build operations Thread 5" [_thread_blocked, id=19448, stack(0x0000000022180000,0x0000000022280000)]
  0x0000000020433000 JavaThread "Build operations Thread 4" [_thread_in_native, id=19440, stack(0x0000000022080000,0x0000000022180000)]
  0x0000000020436800 JavaThread "Build operations Thread 3" [_thread_blocked, id=13832, stack(0x0000000021f80000,0x0000000022080000)]
  0x0000000020436000 JavaThread "Build operations Thread 2" [_thread_in_native, id=12444, stack(0x0000000021e80000,0x0000000021f80000)]
  0x0000000020431800 JavaThread "Build operations" [_thread_blocked, id=2600, stack(0x0000000021d80000,0x0000000021e80000)]
  0x000000001ac3d000 JavaThread "Cache worker for file content cache (C:\Users\quoc0\.gradle\caches\6.5\fileContent)" [_thread_blocked, id=17096, stack(0x0000000021680000,0x0000000021780000)]
  0x000000001ac3f800 JavaThread "jar transforms" [_thread_blocked, id=15556, stack(0x0000000021580000,0x0000000021680000)]
  0x000000001ac3e800 JavaThread "Cache worker for execution history cache (C:\Users\quoc0\.gradle\caches\6.5\executionHistory)" [_thread_blocked, id=1740, stack(0x0000000020e80000,0x0000000020f80000)]
  0x000000001ac39800 JavaThread "Cache worker for cache directory md-rule (C:\Users\quoc0\.gradle\caches\6.5\md-rule)" [_thread_blocked, id=18004, stack(0x0000000020d80000,0x0000000020e80000)]
  0x000000001ac3e000 JavaThread "Cache worker for cache directory md-supplier (C:\Users\quoc0\.gradle\caches\6.5\md-supplier)" [_thread_blocked, id=18844, stack(0x000000001fa30000,0x000000001fb30000)]
  0x000000001ac3b800 JavaThread "Cache worker for checksums cache (D:\androidStudio\AppBanHangOnline\.gradle\checksums)" [_thread_blocked, id=12428, stack(0x000000001f930000,0x000000001fa30000)]
  0x000000001ac3b000 JavaThread "Cache worker for file hash cache (D:\androidStudio\AppBanHangOnline\.gradle\6.5\fileHashes)" [_thread_blocked, id=19220, stack(0x000000001e320000,0x000000001e420000)]
  0x000000001ac3c800 JavaThread "Cache worker for file hash cache (C:\Users\quoc0\.gradle\caches\6.5\fileHashes)" [_thread_blocked, id=11892, stack(0x000000001e460000,0x000000001e560000)]
  0x000000001ac40000 JavaThread "File lock request listener" [_thread_in_native, id=7172, stack(0x000000001e220000,0x000000001e320000)]
  0x000000001a61e000 JavaThread "Cache worker for journal cache (C:\Users\quoc0\.gradle\caches\journal-1)" [_thread_blocked, id=8780, stack(0x000000001e120000,0x000000001e220000)]
  0x0000000019559800 JavaThread "Thread-9" [_thread_blocked, id=10052, stack(0x000000001de20000,0x000000001df20000)]
  0x0000000019558800 JavaThread "Stdin handler" [_thread_blocked, id=7528, stack(0x000000001dd20000,0x000000001de20000)]
  0x000000001a32e800 JavaThread "Asynchronous log dispatcher for DefaultDaemonConnection: socket connection from /127.0.0.1:62869 to /127.0.0.1:62871" [_thread_blocked, id=18228, stack(0x000000001dc20000,0x000000001dd20000)]
  0x000000001a334000 JavaThread "Daemon worker" [_thread_blocked, id=1208, stack(0x000000001db20000,0x000000001dc20000)]
  0x000000001a322000 JavaThread "Cancel handler" [_thread_blocked, id=2368, stack(0x000000001da20000,0x000000001db20000)]
  0x000000001ab0d800 JavaThread "Handler for socket connection from /127.0.0.1:62869 to /127.0.0.1:62871" [_thread_in_native, id=15920, stack(0x000000001d920000,0x000000001da20000)]
  0x000000001bf30800 JavaThread "Daemon" [_thread_blocked, id=1720, stack(0x000000001d820000,0x000000001d920000)]
  0x0000000019453000 JavaThread "Daemon periodic checks" [_thread_blocked, id=6200, stack(0x000000001d520000,0x000000001d620000)]
  0x000000001bed5800 JavaThread "Incoming local TCP Connector on port 62869" [_thread_in_native, id=11156, stack(0x000000001d2e0000,0x000000001d3e0000)]
  0x000000001be34800 JavaThread "Daemon health stats" [_thread_blocked, id=9496, stack(0x000000001cca0000,0x000000001cda0000)]
  0x0000000019489800 JavaThread "Service Thread" daemon [_thread_blocked, id=8028, stack(0x000000001a100000,0x000000001a200000)]
  0x0000000019443800 JavaThread "C1 CompilerThread3" daemon [_thread_blocked, id=16256, stack(0x000000001a000000,0x000000001a100000)]
  0x000000001943d800 JavaThread "C2 CompilerThread2" daemon [_thread_blocked, id=8316, stack(0x0000000019f00000,0x000000001a000000)]
  0x0000000019437000 JavaThread "C2 CompilerThread1" daemon [_thread_in_native, id=17472, stack(0x0000000019e00000,0x0000000019f00000)]
=>0x0000000019436000 JavaThread "C2 CompilerThread0" daemon [_thread_in_native, id=8740, stack(0x0000000019d00000,0x0000000019e00000)]
  0x0000000019434000 JavaThread "Attach Listener" daemon [_thread_blocked, id=14356, stack(0x0000000019c00000,0x0000000019d00000)]
  0x0000000019432800 JavaThread "Signal Dispatcher" daemon [_thread_blocked, id=2100, stack(0x0000000019b00000,0x0000000019c00000)]
  0x00000000025cd800 JavaThread "Finalizer" daemon [_thread_blocked, id=12096, stack(0x0000000019900000,0x0000000019a00000)]
  0x000000001763c800 JavaThread "Reference Handler" daemon [_thread_blocked, id=19344, stack(0x0000000019800000,0x0000000019900000)]
  0x000000000231d800 JavaThread "main" [_thread_blocked, id=14760, stack(0x00000000023d0000,0x00000000024d0000)]

Other Threads:
  0x0000000017638000 VMThread [stack: 0x0000000019300000,0x0000000019400000] [id=16568]
  0x00000000194dd800 WatcherThread [stack: 0x000000001a200000,0x000000001a300000] [id=13392]

VM state:not at safepoint (normal execution)

VM Mutex/Monitor currently owned by a thread: None

heap address: 0x0000000080000000, size: 2048 MB, Compressed Oops mode: 32-bit
Narrow klass base: 0x0000000000000000, Narrow klass shift: 3
Compressed class space size: 1073741824 Address: 0x0000000100000000

Heap:
 PSYoungGen      total 228352K, used 39670K [0x00000000d5580000, 0x00000000e5480000, 0x0000000100000000)
  eden space 208384K, 9% used [0x00000000d5580000,0x00000000d68c3c98,0x00000000e2100000)
  from space 19968K, 99% used [0x00000000e3980000,0x00000000e4cf9cf0,0x00000000e4d00000)
  to   space 25088K, 0% used [0x00000000e2100000,0x00000000e2100000,0x00000000e3980000)
 ParOldGen       total 163840K, used 36160K [0x0000000080000000, 0x000000008a000000, 0x00000000d5580000)
  object space 163840K, 22% used [0x0000000080000000,0x00000000823501b0,0x000000008a000000)
 Metaspace       used 65140K, capacity 68168K, committed 68248K, reserved 1107968K
  class space    used 8986K, capacity 9575K, committed 9648K, reserved 1048576K

Card table byte_map: [0x0000000011990000,0x0000000011da0000] byte_map_base: 0x0000000011590000

Marking Bits: (ParMarkBitMap*) 0x00000000672bf030
 Begin Bits: [0x0000000012850000, 0x0000000014850000)
 End Bits:   [0x0000000014850000, 0x0000000016850000)

Polling page: 0x00000000022e0000

CodeCache: size=245760Kb used=21534Kb max_used=21546Kb free=224225Kb
 bounds [0x00000000025d0000, 0x0000000003b00000, 0x00000000115d0000]
 total_blobs=7495 nmethods=6702 adapters=705
 compilation: enabled

Compilation events (10 events):
Event: 47.981 Thread 0x0000000019443800 7661       1       org.gradle.api.internal.artifacts.transform.DefaultTransformer::requiresInputChanges (5 bytes)
Event: 47.981 Thread 0x0000000019443800 nmethod 7661 0x0000000003ae7d90 code [0x0000000003ae7ee0, 0x0000000003ae7ff0]
Event: 47.983 Thread 0x0000000019437000 nmethod 7652 0x0000000003aec350 code [0x0000000003aec4a0, 0x0000000003aec688]
Event: 47.983 Thread 0x0000000019437000 7660       4       com.google.common.collect.ImmutableList::iterator (5 bytes)
Event: 47.983 Thread 0x000000001943d800 nmethod 7657 0x0000000003ae90d0 code [0x0000000003ae9220, 0x0000000003ae93c8]
Event: 47.984 Thread 0x0000000019443800 7662       3       org.gradle.internal.operations.DefaultBuildOperationQueue$WorkerRunnable::access$700 (5 bytes)
Event: 47.984 Thread 0x0000000019443800 nmethod 7662 0x0000000003ae8d10 code [0x0000000003ae8e80, 0x0000000003ae8fe8]
Event: 47.984 Thread 0x0000000019443800 7663       1       org.gradle.cache.internal.btree.BlockPointer::getPos (5 bytes)
Event: 47.984 Thread 0x0000000019443800 nmethod 7663 0x0000000003ae8a50 code [0x0000000003ae8ba0, 0x0000000003ae8cb0]
Event: 47.986 Thread 0x0000000019437000 nmethod 7660 0x0000000003ae8450 code [0x0000000003ae85a0, 0x0000000003ae8758]

GC Heap History (10 events):
Event: 31.924 GC heap before
{Heap before GC invocations=11 (full 2):
 PSYoungGen      total 155136K, used 142336K [0x00000000d5580000, 0x00000000e0900000, 0x0000000100000000)
  eden space 142336K, 100% used [0x00000000d5580000,0x00000000de080000,0x00000000de080000)
  from space 12800K, 0% used [0x00000000dec80000,0x00000000dec80000,0x00000000df900000)
  to   space 12288K, 0% used [0x00000000de080000,0x00000000de080000,0x00000000dec80000)
 ParOldGen       total 112128K, used 14288K [0x0000000080000000, 0x0000000086d80000, 0x00000000d5580000)
  object space 112128K, 12% used [0x0000000080000000,0x0000000080df4330,0x0000000086d80000)
 Metaspace       used 42031K, capacity 43834K, committed 44072K, reserved 1087488K
  class space    used 5744K, capacity 6089K, committed 6192K, reserved 1048576K
Event: 31.934 GC heap after
Heap after GC invocations=11 (full 2):
 PSYoungGen      total 154624K, used 11434K [0x00000000d5580000, 0x00000000e1b00000, 0x0000000100000000)
  eden space 142336K, 0% used [0x00000000d5580000,0x00000000d5580000,0x00000000de080000)
  from space 12288K, 93% used [0x00000000de080000,0x00000000debaabb0,0x00000000dec80000)
  to   space 13312K, 0% used [0x00000000e0e00000,0x00000000e0e00000,0x00000000e1b00000)
 ParOldGen       total 112128K, used 14296K [0x0000000080000000, 0x0000000086d80000, 0x00000000d5580000)
  object space 112128K, 12% used [0x0000000080000000,0x0000000080df6330,0x0000000086d80000)
 Metaspace       used 42031K, capacity 43834K, committed 44072K, reserved 1087488K
  class space    used 5744K, capacity 6089K, committed 6192K, reserved 1048576K
}
Event: 34.932 GC heap before
{Heap before GC invocations=12 (full 2):
 PSYoungGen      total 154624K, used 153770K [0x00000000d5580000, 0x00000000e1b00000, 0x0000000100000000)
  eden space 142336K, 100% used [0x00000000d5580000,0x00000000de080000,0x00000000de080000)
  from space 12288K, 93% used [0x00000000de080000,0x00000000debaabb0,0x00000000dec80000)
  to   space 13312K, 0% used [0x00000000e0e00000,0x00000000e0e00000,0x00000000e1b00000)
 ParOldGen       total 112128K, used 14296K [0x0000000080000000, 0x0000000086d80000, 0x00000000d5580000)
  object space 112128K, 12% used [0x0000000080000000,0x0000000080df6330,0x0000000086d80000)
 Metaspace       used 54394K, capacity 56612K, committed 56872K, reserved 1097728K
  class space    used 7408K, capacity 7873K, committed 7984K, reserved 1048576K
Event: 34.957 GC heap after
Heap after GC invocations=12 (full 2):
 PSYoungGen      total 183808K, used 13300K [0x00000000d5580000, 0x00000000e2380000, 0x0000000100000000)
  eden space 170496K, 0% used [0x00000000d5580000,0x00000000d5580000,0x00000000dfc00000)
  from space 13312K, 99% used [0x00000000e0e00000,0x00000000e1afd300,0x00000000e1b00000)
  to   space 18432K, 0% used [0x00000000dfc00000,0x00000000dfc00000,0x00000000e0e00000)
 ParOldGen       total 112128K, used 24739K [0x0000000080000000, 0x0000000086d80000, 0x00000000d5580000)
  object space 112128K, 22% used [0x0000000080000000,0x0000000081828c80,0x0000000086d80000)
 Metaspace       used 54394K, capacity 56612K, committed 56872K, reserved 1097728K
  class space    used 7408K, capacity 7873K, committed 7984K, reserved 1048576K
}
Event: 35.755 GC heap before
{Heap before GC invocations=13 (full 2):
 PSYoungGen      total 183808K, used 46162K [0x00000000d5580000, 0x00000000e2380000, 0x0000000100000000)
  eden space 170496K, 19% used [0x00000000d5580000,0x00000000d7597830,0x00000000dfc00000)
  from space 13312K, 99% used [0x00000000e0e00000,0x00000000e1afd300,0x00000000e1b00000)
  to   space 18432K, 0% used [0x00000000dfc00000,0x00000000dfc00000,0x00000000e0e00000)
 ParOldGen       total 112128K, used 24739K [0x0000000080000000, 0x0000000086d80000, 0x00000000d5580000)
  object space 112128K, 22% used [0x0000000080000000,0x0000000081828c80,0x0000000086d80000)
 Metaspace       used 56548K, capacity 58900K, committed 59160K, reserved 1099776K
  class space    used 7741K, capacity 8215K, committed 8240K, reserved 1048576K
Event: 35.772 GC heap after
Heap after GC invocations=13 (full 2):
 PSYoungGen      total 188928K, used 16217K [0x00000000d5580000, 0x00000000e4d00000, 0x0000000100000000)
  eden space 170496K, 0% used [0x00000000d5580000,0x00000000d5580000,0x00000000dfc00000)
  from space 18432K, 87% used [0x00000000dfc00000,0x00000000e0bd6630,0x00000000e0e00000)
  to   space 19968K, 0% used [0x00000000e3980000,0x00000000e3980000,0x00000000e4d00000)
 ParOldGen       total 112128K, used 24747K [0x0000000080000000, 0x0000000086d80000, 0x00000000d5580000)
  object space 112128K, 22% used [0x0000000080000000,0x000000008182ac80,0x0000000086d80000)
 Metaspace       used 56548K, capacity 58900K, committed 59160K, reserved 1099776K
  class space    used 7741K, capacity 8215K, committed 8240K, reserved 1048576K
}
Event: 35.773 GC heap before
{Heap before GC invocations=14 (full 3):
 PSYoungGen      total 188928K, used 16217K [0x00000000d5580000, 0x00000000e4d00000, 0x0000000100000000)
  eden space 170496K, 0% used [0x00000000d5580000,0x00000000d5580000,0x00000000dfc00000)
  from space 18432K, 87% used [0x00000000dfc00000,0x00000000e0bd6630,0x00000000e0e00000)
  to   space 19968K, 0% used [0x00000000e3980000,0x00000000e3980000,0x00000000e4d00000)
 ParOldGen       total 112128K, used 24747K [0x0000000080000000, 0x0000000086d80000, 0x00000000d5580000)
  object space 112128K, 22% used [0x0000000080000000,0x000000008182ac80,0x0000000086d80000)
 Metaspace       used 56548K, capacity 58900K, committed 59160K, reserved 1099776K
  class space    used 7741K, capacity 8215K, committed 8240K, reserved 1048576K
Event: 36.041 GC heap after
Heap after GC invocations=14 (full 3):
 PSYoungGen      total 188928K, used 0K [0x00000000d5580000, 0x00000000e4d00000, 0x0000000100000000)
  eden space 170496K, 0% used [0x00000000d5580000,0x00000000d5580000,0x00000000dfc00000)
  from space 18432K, 0% used [0x00000000dfc00000,0x00000000dfc00000,0x00000000e0e00000)
  to   space 19968K, 0% used [0x00000000e3980000,0x00000000e3980000,0x00000000e4d00000)
 ParOldGen       total 163840K, used 30338K [0x0000000080000000, 0x000000008a000000, 0x00000000d5580000)
  object space 163840K, 18% used [0x0000000080000000,0x0000000081da0840,0x000000008a000000)
 Metaspace       used 56509K, capacity 58768K, committed 59160K, reserved 1099776K
  class space    used 7729K, capacity 8193K, committed 8240K, reserved 1048576K
}
Event: 47.454 GC heap before
{Heap before GC invocations=15 (full 3):
 PSYoungGen      total 188928K, used 169368K [0x00000000d5580000, 0x00000000e4d00000, 0x0000000100000000)
  eden space 170496K, 99% used [0x00000000d5580000,0x00000000dfae60c0,0x00000000dfc00000)
  from space 18432K, 0% used [0x00000000dfc00000,0x00000000dfc00000,0x00000000e0e00000)
  to   space 19968K, 0% used [0x00000000e3980000,0x00000000e3980000,0x00000000e4d00000)
 ParOldGen       total 163840K, used 30338K [0x0000000080000000, 0x000000008a000000, 0x00000000d5580000)
  object space 163840K, 18% used [0x0000000080000000,0x0000000081da0840,0x000000008a000000)
 Metaspace       used 64732K, capacity 67698K, committed 67864K, reserved 1107968K
  class space    used 8925K, capacity 9496K, committed 9520K, reserved 1048576K
Event: 47.490 GC heap after
Heap after GC invocations=15 (full 3):
 PSYoungGen      total 228352K, used 19943K [0x00000000d5580000, 0x00000000e5480000, 0x0000000100000000)
  eden space 208384K, 0% used [0x00000000d5580000,0x00000000d5580000,0x00000000e2100000)
  from space 19968K, 99% used [0x00000000e3980000,0x00000000e4cf9cf0,0x00000000e4d00000)
  to   space 25088K, 0% used [0x00000000e2100000,0x00000000e2100000,0x00000000e3980000)
 ParOldGen       total 163840K, used 36160K [0x0000000080000000, 0x000000008a000000, 0x00000000d5580000)
  object space 163840K, 22% used [0x0000000080000000,0x00000000823501b0,0x000000008a000000)
 Metaspace       used 64732K, capacity 67698K, committed 67864K, reserved 1107968K
  class space    used 8925K, capacity 9496K, committed 9520K, reserved 1048576K
}

Deoptimization events (10 events):
Event: 47.324 Thread 0x000000001c05f800 Uncommon trap: reason=unstable_if action=reinterpret pc=0x0000000003a52468 method=com.sun.org.apache.xerces.internal.dom.ParentNode.nodeListItem(I)Lorg/w3c/dom/Node; @ 76
Event: 47.353 Thread 0x000000001c05f800 Uncommon trap: reason=unstable_if action=reinterpret pc=0x00000000039869d4 method=com.sun.org.apache.xerces.internal.dom.DeferredDocumentImpl.getTypeInfo(I)Ljava/lang/Object; @ 24
Event: 47.371 Thread 0x000000001c05f800 Uncommon trap: reason=null_check action=make_not_entrant pc=0x0000000003a7c8ec method=com.android.ide.common.resources.NodeUtils.processSingleNodeNamespace(Lorg/w3c/dom/Node;Lorg/w3c/dom/Document;)Z @ 8
Event: 47.380 Thread 0x000000001c05f800 Uncommon trap: reason=class_check action=maybe_recompile pc=0x0000000003a78174 method=com.android.ide.common.resources.NodeUtils.processSingleNodeNamespace(Lorg/w3c/dom/Node;Lorg/w3c/dom/Document;)Z @ 100
Event: 47.380 Thread 0x000000001c05f800 Uncommon trap: reason=class_check action=maybe_recompile pc=0x0000000003a78174 method=com.android.ide.common.resources.NodeUtils.processSingleNodeNamespace(Lorg/w3c/dom/Node;Lorg/w3c/dom/Document;)Z @ 100
Event: 47.381 Thread 0x000000001c05f800 Uncommon trap: reason=unstable_if action=reinterpret pc=0x00000000039a714c method=com.sun.org.apache.xerces.internal.dom.DeferredAttrNSImpl.synchronizeData()V @ 36
Event: 47.381 Thread 0x000000001c05f800 Uncommon trap: reason=class_check action=maybe_recompile pc=0x0000000003a78174 method=com.android.ide.common.resources.NodeUtils.processSingleNodeNamespace(Lorg/w3c/dom/Node;Lorg/w3c/dom/Document;)Z @ 100
Event: 47.382 Thread 0x000000001c05f800 Uncommon trap: reason=class_check action=maybe_recompile pc=0x0000000003a78174 method=com.android.ide.common.resources.NodeUtils.processSingleNodeNamespace(Lorg/w3c/dom/Node;Lorg/w3c/dom/Document;)Z @ 100
Event: 47.723 Thread 0x000000001c067800 Uncommon trap: reason=unstable_if action=reinterpret pc=0x000000000393bc14 method=com.google.common.collect.MapMakerInternalMap$Segment.drainKeyReferenceQueue(Ljava/lang/ref/ReferenceQueue;)V @ 8
Event: 47.793 Thread 0x000000001c05e800 Uncommon trap: reason=unstable_if action=reinterpret pc=0x00000000039bb558 method=com.google.common.collect.RegularImmutableMap.get(Ljava/lang/Object;[Lcom/google/common/collect/ImmutableMapEntry;I)Ljava/lang/Object; @ 5

Classes redefined (0 events):
No events

Internal exceptions (10 events):
Event: 44.922 Thread 0x000000001c05f800 Exception <a 'java/lang/NoSuchMethodError': java.lang.Object.lambda$codePoints$1()Ljava/util/Spliterator$OfInt;> (0x00000000dea6b390) thrown at [C:\src\AOSP-openjdk-git\hotspot\src\share\vm\interpreter\linkResolver.cpp, line 620]
Event: 47.353 Thread 0x000000001c05f800 Implicit null exception at 0x0000000003986935 to 0x00000000039869b9
Event: 47.371 Thread 0x000000001c05f800 Implicit null exception at 0x0000000003a7c597 to 0x0000000003a7c8dd
Event: 47.630 Thread 0x000000001c05f800 Exception <a 'java/lang/NoSuchMethodError': <clinit>> (0x00000000d5c960d0) thrown at [C:\src\AOSP-openjdk-git\hotspot\src\share\vm\prims\jni.cpp, line 1615]
Event: 47.631 Thread 0x000000001c05f800 Exception <a 'java/lang/NoSuchMethodError': <clinit>> (0x00000000d5ca69d0) thrown at [C:\src\AOSP-openjdk-git\hotspot\src\share\vm\prims\jni.cpp, line 1615]
Event: 47.633 Thread 0x000000001c05f800 Exception <a 'java/lang/NoSuchMethodError': <clinit>> (0x00000000d5cb6df0) thrown at [C:\src\AOSP-openjdk-git\hotspot\src\share\vm\prims\jni.cpp, line 1615]
Event: 47.635 Thread 0x000000001c05f800 Exception <a 'java/lang/NoSuchMethodError': <clinit>> (0x00000000d5cca648) thrown at [C:\src\AOSP-openjdk-git\hotspot\src\share\vm\prims\jni.cpp, line 1615]
Event: 47.708 Thread 0x000000001c05f800 Exception <a 'java/lang/NoSuchMethodError': <clinit>> (0x00000000d5d45460) thrown at [C:\src\AOSP-openjdk-git\hotspot\src\share\vm\prims\jni.cpp, line 1615]
Event: 47.726 Thread 0x000000001c05e800 Exception <a 'java/lang/NoSuchMethodError': <clinit>> (0x00000000d5df6df0) thrown at [C:\src\AOSP-openjdk-git\hotspot\src\share\vm\prims\jni.cpp, line 1615]
Event: 47.793 Thread 0x000000001c05e800 Implicit null exception at 0x00000000039bb3ff to 0x00000000039bb549

Events (10 events):
Event: 47.933 loading class com/android/utils/GrabProcessOutput$1
Event: 47.933 loading class com/android/utils/GrabProcessOutput$1 done
Event: 47.934 loading class com/android/utils/GrabProcessOutput$2
Event: 47.934 loading class com/android/utils/GrabProcessOutput$2 done
Event: 47.935 Thread 0x000000001c06d000 Thread added: 0x000000001c06d000
Event: 47.935 Thread 0x000000001c06c000 Thread added: 0x000000001c06c000
Event: 47.943 Executing VM operation: RevokeBias
Event: 47.944 Executing VM operation: RevokeBias done
Event: 47.981 Executing VM operation: RevokeBias
Event: 47.982 Executing VM operation: RevokeBias done


Dynamic libraries:
0x00007ff6fccc0000 - 0x00007ff6fccf1000 	E:\phanmem\Android Studio\jre\bin\java.exe
0x00007ffea3e90000 - 0x00007ffea4086000 	C:\Windows\SYSTEM32\ntdll.dll
0x00007ffea3bb0000 - 0x00007ffea3c6d000 	C:\Windows\System32\KERNEL32.DLL
0x00007ffea18c0000 - 0x00007ffea1b89000 	C:\Windows\System32\KERNELBASE.dll
0x00007ffea1ef0000 - 0x00007ffea1f9c000 	C:\Windows\System32\ADVAPI32.dll
0x00007ffea3000000 - 0x00007ffea309e000 	C:\Windows\System32\msvcrt.dll
0x00007ffea3110000 - 0x00007ffea31ac000 	C:\Windows\System32\sechost.dll
0x00007ffea2660000 - 0x00007ffea278b000 	C:\Windows\System32\RPCRT4.dll
0x00007ffea2300000 - 0x00007ffea24a0000 	C:\Windows\System32\USER32.dll
0x00007ffea1890000 - 0x00007ffea18b2000 	C:\Windows\System32\win32u.dll
0x00007ffea3c70000 - 0x00007ffea3c9a000 	C:\Windows\System32\GDI32.dll
0x00007ffea1d60000 - 0x00007ffea1e6b000 	C:\Windows\System32\gdi32full.dll
0x00007ffea1c90000 - 0x00007ffea1d2d000 	C:\Windows\System32\msvcp_win.dll
0x00007ffea1630000 - 0x00007ffea1730000 	C:\Windows\System32\ucrtbase.dll
0x00007ffe8f190000 - 0x00007ffe8f42b000 	C:\Windows\WinSxS\amd64_microsoft.windows.common-controls_6595b64144ccf1df_6.0.19041.746_none_ca02b4b61b8320a4\COMCTL32.dll
0x00007ffea20e0000 - 0x00007ffea2110000 	C:\Windows\System32\IMM32.DLL
0x00000000660c0000 - 0x0000000066192000 	E:\phanmem\Android Studio\jre\jre\bin\msvcr100.dll
0x0000000066af0000 - 0x000000006733b000 	E:\phanmem\Android Studio\jre\jre\bin\server\jvm.dll
0x00007ffea1fa0000 - 0x00007ffea1fa8000 	C:\Windows\System32\PSAPI.DLL
0x00007ffe885d0000 - 0x00007ffe885f7000 	C:\Windows\SYSTEM32\WINMM.dll
0x00007ffe9b9d0000 - 0x00007ffe9b9da000 	C:\Windows\SYSTEM32\VERSION.dll
0x00007ffe8e060000 - 0x00007ffe8e069000 	C:\Windows\SYSTEM32\WSOCK32.dll
0x00007ffea30a0000 - 0x00007ffea310b000 	C:\Windows\System32\ws2_32.DLL
0x00007ffe8ca00000 - 0x00007ffe8ca0f000 	E:\phanmem\Android Studio\jre\jre\bin\verify.dll
0x00007ffe6f6f0000 - 0x00007ffe6f719000 	E:\phanmem\Android Studio\jre\jre\bin\java.dll
0x00007ffe76b10000 - 0x00007ffe76b26000 	E:\phanmem\Android Studio\jre\jre\bin\zip.dll
0x00007ffea28b0000 - 0x00007ffea2ff3000 	C:\Windows\System32\SHELL32.dll
0x00007ffe9f710000 - 0x00007ffe9fe9f000 	C:\Windows\SYSTEM32\windows.storage.dll
0x00007ffea37f0000 - 0x00007ffea3b46000 	C:\Windows\System32\combase.dll
0x00007ffea1030000 - 0x00007ffea105c000 	C:\Windows\SYSTEM32\Wldp.dll
0x00007ffea2180000 - 0x00007ffea222e000 	C:\Windows\System32\SHCORE.dll
0x00007ffea3b50000 - 0x00007ffea3ba5000 	C:\Windows\System32\shlwapi.dll
0x00007ffea1500000 - 0x00007ffea1526000 	C:\Windows\SYSTEM32\profapi.dll
0x00007ffe97430000 - 0x00007ffe9744a000 	E:\phanmem\Android Studio\jre\jre\bin\net.dll
0x00007ffea0db0000 - 0x00007ffea0e1a000 	C:\Windows\system32\mswsock.dll
0x00007ffe747d0000 - 0x00007ffe747e3000 	E:\phanmem\Android Studio\jre\jre\bin\nio.dll
0x00007ffe6ef30000 - 0x00007ffe6ef57000 	C:\Users\quoc0\.gradle\native\f6784746aeab05261644944871eae4fe03e0ef1612fff0a4a95f87b438bc6780\windows-amd64\native-platform.dll
0x00007ffe8b730000 - 0x00007ffe8b73d000 	E:\phanmem\Android Studio\jre\jre\bin\management.dll
0x00007ffea0f80000 - 0x00007ffea0f98000 	C:\Windows\SYSTEM32\CRYPTSP.dll
0x00007ffea06e0000 - 0x00007ffea0714000 	C:\Windows\system32\rsaenh.dll
0x00007ffea1d30000 - 0x00007ffea1d57000 	C:\Windows\System32\bcrypt.dll
0x00007ffea14c0000 - 0x00007ffea14ee000 	C:\Windows\SYSTEM32\USERENV.dll
0x00007ffea1e70000 - 0x00007ffea1ef0000 	C:\Windows\System32\bcryptprimitives.dll
0x00007ffea0fa0000 - 0x00007ffea0fac000 	C:\Windows\SYSTEM32\CRYPTBASE.dll
0x00007ffea0a50000 - 0x00007ffea0a8b000 	C:\Windows\SYSTEM32\IPHLPAPI.DLL
0x00007ffea3290000 - 0x00007ffea3298000 	C:\Windows\System32\NSI.dll
0x00007ffe99bf0000 - 0x00007ffe99c07000 	C:\Windows\SYSTEM32\dhcpcsvc6.DLL
0x00007ffe99640000 - 0x00007ffe9965d000 	C:\Windows\SYSTEM32\dhcpcsvc.DLL
0x00007ffea0a90000 - 0x00007ffea0b5b000 	C:\Windows\SYSTEM32\DNSAPI.dll
0x00007ffe99c80000 - 0x00007ffe99c8b000 	C:\Windows\SYSTEM32\WINNSI.DLL

VM Arguments:
jvm_args: -Xmx2048m -Dfile.encoding=UTF-8 -Duser.country=US -Duser.language=en -Duser.variant 
java_command: org.gradle.launcher.daemon.bootstrap.GradleDaemon 6.5
java_class_path (initial): C:\Users\quoc0\.gradle\wrapper\dists\gradle-6.5-bin\6nifqtx7604sqp1q6g8wikw7p\gradle-6.5\lib\gradle-launcher-6.5.jar
Launcher Type: SUN_STANDARD

Environment Variables:
PATH=E:\VMware\bin\;C:\Program Files (x86)\Common Files\Oracle\Java\javapath;C:\ProgramData\Oracle\Java\javapath;C:\Windows\system32;C:\Windows;C:\Windows\System32\Wbem;C:\Windows\System32\WindowsPowerShell\v1.0\;C:\Windows\System32\OpenSSH\;E:\phanmem\jdk1.8.0_111\bin;C:\Program Files\Git\cmd;C:\Program Files\Microsoft SQL Server\Client SDK\ODBC\170\Tools\Binn\;C:\Program Files (x86)\Microsoft SQL Server\150\Tools\Binn\;C:\Program Files\Microsoft SQL Server\150\Tools\Binn\;C:\Program Files\Microsoft SQL Server\150\DTS\Binn\;C:\Program Files\dotnet\;C:\Program Files\MySQL\MySQL Shell 8.0\bin\;E:\Phanname\jdk1.8.0_111\bin;C:\Users\quoc0\.dotnet\tools
USERNAME=quoc
OS=Windows_NT
PROCESSOR_IDENTIFIER=Intel64 Family 6 Model 142 Stepping 10, GenuineIntel



---------------  S Y S T E M  ---------------

OS: Windows 10.0 , 64 bit Build 19041 (10.0.19041.662)

CPU:total 8 (initial active 8) (4 cores per cpu, 2 threads per core) family 6 model 142 stepping 10, cmov, cx8, fxsr, mmx, sse, sse2, sse3, ssse3, sse4.1, sse4.2, popcnt, avx, avx2, aes, clmul, erms, 3dnowpref, lzcnt, ht, tsc, tscinvbit, bmi1, bmi2, adx

Memory: 4k page, physical 12444200k(6258124k free), swap 18603168k(40k free)

vm_info: OpenJDK 64-Bit Server VM (25.242-b01) for windows-amd64 JRE (1.8.0_242-release-1644-b01), built by "builder" with MS VC++ 10.0 (VS2010)

time: Sat Feb 06 17:13:00 2021
timezone: SE Asia Standard Time
elapsed time: 48 seconds (0d 0h 0m 48s)

